18199 [localhost-startStop-1] DEBUG o.s.s.c.a.a.c.AuthenticationConfiguration$EnableGlobalAuthenticationAutowiredConfigurer - Eagerly initializing {org.springframework.boot.autoconfigure.security.SpringBootWebSecurityConfiguration=org.springframework.boot.autoconfigure.security.SpringBootWebSecurityConfiguration$$EnhancerBySpringCGLIB$$61b74186@22045741}
18444 [localhost-startStop-1] INFO  o.s.s.w.DefaultSecurityFilterChain - Creating filter chain: Ant [pattern='/**/favicon.ico'], []
18445 [localhost-startStop-1] INFO  o.s.s.w.DefaultSecurityFilterChain - Creating filter chain: Ant [pattern='/js/**'], []
18445 [localhost-startStop-1] INFO  o.s.s.w.DefaultSecurityFilterChain - Creating filter chain: Ant [pattern='/css/**'], []
18447 [localhost-startStop-1] INFO  o.s.s.w.DefaultSecurityFilterChain - Creating filter chain: Ant [pattern='/error'], []
18564 [localhost-startStop-1] DEBUG o.s.s.w.a.e.ExpressionBasedFilterInvocationSecurityMetadataSource - Adding web access control expression 'permitAll', for ExactUrl [processUrl='/login?error']
18568 [localhost-startStop-1] DEBUG o.s.s.w.a.e.ExpressionBasedFilterInvocationSecurityMetadataSource - Adding web access control expression 'permitAll', for ExactUrl [processUrl='/login']
18569 [localhost-startStop-1] DEBUG o.s.s.w.a.e.ExpressionBasedFilterInvocationSecurityMetadataSource - Adding web access control expression 'permitAll', for ExactUrl [processUrl='/login']
18569 [localhost-startStop-1] DEBUG o.s.s.w.a.e.ExpressionBasedFilterInvocationSecurityMetadataSource - Adding web access control expression 'permitAll', for Ant [pattern='/logout']
18571 [localhost-startStop-1] DEBUG o.s.s.w.a.e.ExpressionBasedFilterInvocationSecurityMetadataSource - Adding web access control expression 'permitAll', for Ant [pattern='/']
18571 [localhost-startStop-1] DEBUG o.s.s.w.a.e.ExpressionBasedFilterInvocationSecurityMetadataSource - Adding web access control expression 'permitAll', for Ant [pattern='/home']
18572 [localhost-startStop-1] DEBUG o.s.s.w.a.e.ExpressionBasedFilterInvocationSecurityMetadataSource - Adding web access control expression 'authenticated', for org.springframework.security.web.util.matcher.AnyRequestMatcher@1
18593 [localhost-startStop-1] DEBUG o.s.s.w.a.i.FilterSecurityInterceptor - Validated configuration attributes
18594 [localhost-startStop-1] DEBUG o.s.s.w.a.i.FilterSecurityInterceptor - Validated configuration attributes
18610 [localhost-startStop-1] INFO  o.s.s.w.DefaultSecurityFilterChain - Creating filter chain: org.springframework.security.web.util.matcher.AnyRequestMatcher@1, [org.springframework.security.web.context.request.async.WebAsyncManagerIntegrationFilter@6cc84e6e, org.springframework.security.web.context.SecurityContextPersistenceFilter@f3869e5, org.springframework.security.web.header.HeaderWriterFilter@6583f9d2, org.springframework.security.web.csrf.CsrfFilter@7e37d258, com.apex.web.security.authetication.filter.CSRFFilter@2f0c9060, org.springframework.security.web.authentication.logout.LogoutFilter@731e3916, org.springframework.security.web.authentication.UsernamePasswordAuthenticationFilter@deea7a6, org.springframework.security.web.savedrequest.RequestCacheAwareFilter@462d1cc6, org.springframework.security.web.servletapi.SecurityContextHolderAwareRequestFilter@378ce236, org.springframework.security.web.authentication.AnonymousAuthenticationFilter@578a4033, org.springframework.security.web.session.SessionManagementFilter@347fcfef, org.springframework.security.web.access.ExceptionTranslationFilter@5a3d9ee, org.springframework.security.web.access.intercept.FilterSecurityInterceptor@74f78113]
18652 [localhost-startStop-1] DEBUG o.s.s.w.a.e.ExpressionBasedFilterInvocationSecurityMetadataSource - Adding web access control expression 'hasAnyRole('ROLE_USER')', for org.springframework.security.web.util.matcher.AnyRequestMatcher@1
18657 [localhost-startStop-1] DEBUG o.s.s.w.a.i.FilterSecurityInterceptor - Validated configuration attributes
18658 [localhost-startStop-1] DEBUG o.s.s.w.a.i.FilterSecurityInterceptor - Validated configuration attributes
18659 [localhost-startStop-1] INFO  o.s.s.w.DefaultSecurityFilterChain - Creating filter chain: OrRequestMatcher [requestMatchers=[Ant [pattern='/**']]], [org.springframework.security.web.context.request.async.WebAsyncManagerIntegrationFilter@44db7008, org.springframework.security.web.context.SecurityContextPersistenceFilter@21e57fdf, org.springframework.security.web.header.HeaderWriterFilter@1475c561, org.springframework.security.web.authentication.logout.LogoutFilter@26d0a6f5, org.springframework.security.web.authentication.www.BasicAuthenticationFilter@2cc12e77, org.springframework.security.web.savedrequest.RequestCacheAwareFilter@5e141052, org.springframework.security.web.servletapi.SecurityContextHolderAwareRequestFilter@6470883c, org.springframework.security.web.authentication.AnonymousAuthenticationFilter@7cf6ff19, org.springframework.security.web.session.SessionManagementFilter@51a27807, org.springframework.security.web.access.ExceptionTranslationFilter@5da44554, org.springframework.security.web.access.intercept.FilterSecurityInterceptor@43a52328]
48744 [http-nio-9000-exec-1] DEBUG o.s.s.w.u.m.AntPathRequestMatcher - Checking match of request : '/'; against '/**/favicon.ico'
48749 [http-nio-9000-exec-1] DEBUG o.s.s.w.u.m.AntPathRequestMatcher - Checking match of request : '/'; against '/js/**'
48749 [http-nio-9000-exec-1] DEBUG o.s.s.w.u.m.AntPathRequestMatcher - Checking match of request : '/'; against '/css/**'
48750 [http-nio-9000-exec-1] DEBUG o.s.s.w.u.m.AntPathRequestMatcher - Checking match of request : '/'; against '/error'
48752 [http-nio-9000-exec-1] DEBUG o.s.security.web.FilterChainProxy - / at position 1 of 13 in additional filter chain; firing Filter: 'WebAsyncManagerIntegrationFilter'
48754 [http-nio-9000-exec-1] DEBUG o.s.security.web.FilterChainProxy - / at position 2 of 13 in additional filter chain; firing Filter: 'SecurityContextPersistenceFilter'
48755 [http-nio-9000-exec-1] DEBUG o.s.s.w.c.HttpSessionSecurityContextRepository - No HttpSession currently exists
48756 [http-nio-9000-exec-1] DEBUG o.s.s.w.c.HttpSessionSecurityContextRepository - No SecurityContext was available from the HttpSession: null. A new one will be created.
48762 [http-nio-9000-exec-1] DEBUG o.s.security.web.FilterChainProxy - / at position 3 of 13 in additional filter chain; firing Filter: 'HeaderWriterFilter'
48763 [http-nio-9000-exec-1] DEBUG o.s.s.w.h.writers.HstsHeaderWriter - Not injecting HSTS header since it did not match the requestMatcher org.springframework.security.web.header.writers.HstsHeaderWriter$SecureRequestMatcher@7aeb3dd7
48763 [http-nio-9000-exec-1] DEBUG o.s.security.web.FilterChainProxy - / at position 4 of 13 in additional filter chain; firing Filter: 'CsrfFilter'
48766 [http-nio-9000-exec-1] DEBUG o.s.security.web.FilterChainProxy - / at position 5 of 13 in additional filter chain; firing Filter: 'CSRFFilter'
48781 [http-nio-9000-exec-1] DEBUG o.s.security.web.FilterChainProxy - / at position 6 of 13 in additional filter chain; firing Filter: 'LogoutFilter'
48782 [http-nio-9000-exec-1] DEBUG o.s.s.w.u.m.AntPathRequestMatcher - Checking match of request : '/'; against '/logout'
48784 [http-nio-9000-exec-1] DEBUG o.s.security.web.FilterChainProxy - / at position 7 of 13 in additional filter chain; firing Filter: 'UsernamePasswordAuthenticationFilter'
48785 [http-nio-9000-exec-1] DEBUG o.s.s.w.u.m.AntPathRequestMatcher - Request 'GET /' doesn't match 'POST /login
48785 [http-nio-9000-exec-1] DEBUG o.s.security.web.FilterChainProxy - / at position 8 of 13 in additional filter chain; firing Filter: 'RequestCacheAwareFilter'
48786 [http-nio-9000-exec-1] DEBUG o.s.security.web.FilterChainProxy - / at position 9 of 13 in additional filter chain; firing Filter: 'SecurityContextHolderAwareRequestFilter'
48791 [http-nio-9000-exec-1] DEBUG o.s.security.web.FilterChainProxy - / at position 10 of 13 in additional filter chain; firing Filter: 'AnonymousAuthenticationFilter'
48795 [http-nio-9000-exec-1] DEBUG o.s.s.w.a.AnonymousAuthenticationFilter - Populated SecurityContextHolder with anonymous token: 'org.springframework.security.authentication.AnonymousAuthenticationToken@905571d8: Principal: anonymousUser; Credentials: [PROTECTED]; Authenticated: true; Details: org.springframework.security.web.authentication.WebAuthenticationDetails@0: RemoteIpAddress: 0:0:0:0:0:0:0:1; SessionId: 6EB4D2A32C4C0EEDD399CE01EBFD6A0D; Granted Authorities: ROLE_ANONYMOUS'
48796 [http-nio-9000-exec-1] DEBUG o.s.security.web.FilterChainProxy - / at position 11 of 13 in additional filter chain; firing Filter: 'SessionManagementFilter'
48797 [http-nio-9000-exec-1] DEBUG o.s.security.web.FilterChainProxy - / at position 12 of 13 in additional filter chain; firing Filter: 'ExceptionTranslationFilter'
48797 [http-nio-9000-exec-1] DEBUG o.s.security.web.FilterChainProxy - / at position 13 of 13 in additional filter chain; firing Filter: 'FilterSecurityInterceptor'
48799 [http-nio-9000-exec-1] DEBUG o.s.s.w.u.m.AntPathRequestMatcher - Checking match of request : '/'; against '/logout'
48800 [http-nio-9000-exec-1] DEBUG o.s.s.w.u.m.AntPathRequestMatcher - Checking match of request : '/'; against '/'
48801 [http-nio-9000-exec-1] DEBUG o.s.s.w.a.i.FilterSecurityInterceptor - Secure object: FilterInvocation: URL: /; Attributes: [permitAll]
48802 [http-nio-9000-exec-1] DEBUG o.s.s.w.a.i.FilterSecurityInterceptor - Previously Authenticated: org.springframework.security.authentication.AnonymousAuthenticationToken@905571d8: Principal: anonymousUser; Credentials: [PROTECTED]; Authenticated: true; Details: org.springframework.security.web.authentication.WebAuthenticationDetails@0: RemoteIpAddress: 0:0:0:0:0:0:0:1; SessionId: 6EB4D2A32C4C0EEDD399CE01EBFD6A0D; Granted Authorities: ROLE_ANONYMOUS
48826 [http-nio-9000-exec-1] DEBUG o.s.s.access.vote.AffirmativeBased - Voter: org.springframework.security.web.access.expression.WebExpressionVoter@7cb5dca3, returned: 1
48827 [http-nio-9000-exec-1] DEBUG o.s.s.w.a.i.FilterSecurityInterceptor - Authorization successful
48831 [http-nio-9000-exec-1] DEBUG o.s.s.w.a.i.FilterSecurityInterceptor - RunAsManager did not change Authentication object
48832 [http-nio-9000-exec-1] DEBUG o.s.security.web.FilterChainProxy - / reached end of additional filter chain; proceeding with original chain
49526 [http-nio-9000-exec-1] DEBUG o.s.s.w.a.ExceptionTranslationFilter - Chain processed normally
49526 [http-nio-9000-exec-1] DEBUG o.s.s.w.c.HttpSessionSecurityContextRepository - SecurityContext is empty or contents are anonymous - context will not be stored in HttpSession.
49527 [http-nio-9000-exec-1] DEBUG o.s.s.w.c.SecurityContextPersistenceFilter - SecurityContextHolder now cleared, as request processing completed
55461 [http-nio-9000-exec-2] DEBUG o.s.s.w.u.m.AntPathRequestMatcher - Checking match of request : '/hello'; against '/**/favicon.ico'
55466 [http-nio-9000-exec-2] DEBUG o.s.s.w.u.m.AntPathRequestMatcher - Checking match of request : '/hello'; against '/js/**'
55467 [http-nio-9000-exec-2] DEBUG o.s.s.w.u.m.AntPathRequestMatcher - Checking match of request : '/hello'; against '/css/**'
55467 [http-nio-9000-exec-2] DEBUG o.s.s.w.u.m.AntPathRequestMatcher - Checking match of request : '/hello'; against '/error'
55468 [http-nio-9000-exec-2] DEBUG o.s.security.web.FilterChainProxy - /hello at position 1 of 13 in additional filter chain; firing Filter: 'WebAsyncManagerIntegrationFilter'
55469 [http-nio-9000-exec-2] DEBUG o.s.security.web.FilterChainProxy - /hello at position 2 of 13 in additional filter chain; firing Filter: 'SecurityContextPersistenceFilter'
55470 [http-nio-9000-exec-2] DEBUG o.s.s.w.c.HttpSessionSecurityContextRepository - HttpSession returned null object for SPRING_SECURITY_CONTEXT
55470 [http-nio-9000-exec-2] DEBUG o.s.s.w.c.HttpSessionSecurityContextRepository - No SecurityContext was available from the HttpSession: org.apache.catalina.session.StandardSessionFacade@119736b5. A new one will be created.
55471 [http-nio-9000-exec-2] DEBUG o.s.security.web.FilterChainProxy - /hello at position 3 of 13 in additional filter chain; firing Filter: 'HeaderWriterFilter'
55471 [http-nio-9000-exec-2] DEBUG o.s.s.w.h.writers.HstsHeaderWriter - Not injecting HSTS header since it did not match the requestMatcher org.springframework.security.web.header.writers.HstsHeaderWriter$SecureRequestMatcher@7aeb3dd7
55472 [http-nio-9000-exec-2] DEBUG o.s.security.web.FilterChainProxy - /hello at position 4 of 13 in additional filter chain; firing Filter: 'CsrfFilter'
55472 [http-nio-9000-exec-2] DEBUG o.s.security.web.FilterChainProxy - /hello at position 5 of 13 in additional filter chain; firing Filter: 'CSRFFilter'
55473 [http-nio-9000-exec-2] DEBUG o.s.security.web.FilterChainProxy - /hello at position 6 of 13 in additional filter chain; firing Filter: 'LogoutFilter'
55474 [http-nio-9000-exec-2] DEBUG o.s.s.w.u.m.AntPathRequestMatcher - Checking match of request : '/hello'; against '/logout'
55474 [http-nio-9000-exec-2] DEBUG o.s.security.web.FilterChainProxy - /hello at position 7 of 13 in additional filter chain; firing Filter: 'UsernamePasswordAuthenticationFilter'
55474 [http-nio-9000-exec-2] DEBUG o.s.s.w.u.m.AntPathRequestMatcher - Request 'GET /hello' doesn't match 'POST /login
55474 [http-nio-9000-exec-2] DEBUG o.s.security.web.FilterChainProxy - /hello at position 8 of 13 in additional filter chain; firing Filter: 'RequestCacheAwareFilter'
55475 [http-nio-9000-exec-2] DEBUG o.s.security.web.FilterChainProxy - /hello at position 9 of 13 in additional filter chain; firing Filter: 'SecurityContextHolderAwareRequestFilter'
55475 [http-nio-9000-exec-2] DEBUG o.s.security.web.FilterChainProxy - /hello at position 10 of 13 in additional filter chain; firing Filter: 'AnonymousAuthenticationFilter'
55475 [http-nio-9000-exec-2] DEBUG o.s.s.w.a.AnonymousAuthenticationFilter - Populated SecurityContextHolder with anonymous token: 'org.springframework.security.authentication.AnonymousAuthenticationToken@905571d8: Principal: anonymousUser; Credentials: [PROTECTED]; Authenticated: true; Details: org.springframework.security.web.authentication.WebAuthenticationDetails@0: RemoteIpAddress: 0:0:0:0:0:0:0:1; SessionId: 6EB4D2A32C4C0EEDD399CE01EBFD6A0D; Granted Authorities: ROLE_ANONYMOUS'
55476 [http-nio-9000-exec-2] DEBUG o.s.security.web.FilterChainProxy - /hello at position 11 of 13 in additional filter chain; firing Filter: 'SessionManagementFilter'
55476 [http-nio-9000-exec-2] DEBUG o.s.security.web.FilterChainProxy - /hello at position 12 of 13 in additional filter chain; firing Filter: 'ExceptionTranslationFilter'
55476 [http-nio-9000-exec-2] DEBUG o.s.security.web.FilterChainProxy - /hello at position 13 of 13 in additional filter chain; firing Filter: 'FilterSecurityInterceptor'
55477 [http-nio-9000-exec-2] DEBUG o.s.s.w.u.m.AntPathRequestMatcher - Checking match of request : '/hello'; against '/logout'
55477 [http-nio-9000-exec-2] DEBUG o.s.s.w.u.m.AntPathRequestMatcher - Checking match of request : '/hello'; against '/'
55478 [http-nio-9000-exec-2] DEBUG o.s.s.w.u.m.AntPathRequestMatcher - Checking match of request : '/hello'; against '/home'
55478 [http-nio-9000-exec-2] DEBUG o.s.s.w.a.i.FilterSecurityInterceptor - Secure object: FilterInvocation: URL: /hello; Attributes: [authenticated]
55478 [http-nio-9000-exec-2] DEBUG o.s.s.w.a.i.FilterSecurityInterceptor - Previously Authenticated: org.springframework.security.authentication.AnonymousAuthenticationToken@905571d8: Principal: anonymousUser; Credentials: [PROTECTED]; Authenticated: true; Details: org.springframework.security.web.authentication.WebAuthenticationDetails@0: RemoteIpAddress: 0:0:0:0:0:0:0:1; SessionId: 6EB4D2A32C4C0EEDD399CE01EBFD6A0D; Granted Authorities: ROLE_ANONYMOUS
55480 [http-nio-9000-exec-2] DEBUG o.s.s.access.vote.AffirmativeBased - Voter: org.springframework.security.web.access.expression.WebExpressionVoter@7cb5dca3, returned: -1
55504 [http-nio-9000-exec-2] DEBUG o.s.s.w.a.ExceptionTranslationFilter - Access is denied (user is anonymous); redirecting to authentication entry point
org.springframework.security.access.AccessDeniedException: Access is denied
	at org.springframework.security.access.vote.AffirmativeBased.decide(AffirmativeBased.java:83) ~[spring-security-core-4.0.3.RELEASE.jar:4.0.3.RELEASE]
	at org.springframework.security.access.intercept.AbstractSecurityInterceptor.beforeInvocation(AbstractSecurityInterceptor.java:232) ~[spring-security-core-4.0.3.RELEASE.jar:4.0.3.RELEASE]
	at org.springframework.security.web.access.intercept.FilterSecurityInterceptor.invoke(FilterSecurityInterceptor.java:123) ~[spring-security-web-4.0.3.RELEASE.jar:4.0.3.RELEASE]
	at org.springframework.security.web.access.intercept.FilterSecurityInterceptor.doFilter(FilterSecurityInterceptor.java:90) ~[spring-security-web-4.0.3.RELEASE.jar:4.0.3.RELEASE]
	at org.springframework.security.web.FilterChainProxy$VirtualFilterChain.doFilter(FilterChainProxy.java:330) [spring-security-web-4.0.3.RELEASE.jar:4.0.3.RELEASE]
	at org.springframework.security.web.access.ExceptionTranslationFilter.doFilter(ExceptionTranslationFilter.java:114) ~[spring-security-web-4.0.3.RELEASE.jar:4.0.3.RELEASE]
	at org.springframework.security.web.FilterChainProxy$VirtualFilterChain.doFilter(FilterChainProxy.java:330) [spring-security-web-4.0.3.RELEASE.jar:4.0.3.RELEASE]
	at org.springframework.security.web.session.SessionManagementFilter.doFilter(SessionManagementFilter.java:122) [spring-security-web-4.0.3.RELEASE.jar:4.0.3.RELEASE]
	at org.springframework.security.web.FilterChainProxy$VirtualFilterChain.doFilter(FilterChainProxy.java:330) [spring-security-web-4.0.3.RELEASE.jar:4.0.3.RELEASE]
	at org.springframework.security.web.authentication.AnonymousAuthenticationFilter.doFilter(AnonymousAuthenticationFilter.java:111) [spring-security-web-4.0.3.RELEASE.jar:4.0.3.RELEASE]
	at org.springframework.security.web.FilterChainProxy$VirtualFilterChain.doFilter(FilterChainProxy.java:330) [spring-security-web-4.0.3.RELEASE.jar:4.0.3.RELEASE]
	at org.springframework.security.web.servletapi.SecurityContextHolderAwareRequestFilter.doFilter(SecurityContextHolderAwareRequestFilter.java:169) [spring-security-web-4.0.3.RELEASE.jar:4.0.3.RELEASE]
	at org.springframework.security.web.FilterChainProxy$VirtualFilterChain.doFilter(FilterChainProxy.java:330) [spring-security-web-4.0.3.RELEASE.jar:4.0.3.RELEASE]
	at org.springframework.security.web.savedrequest.RequestCacheAwareFilter.doFilter(RequestCacheAwareFilter.java:48) [spring-security-web-4.0.3.RELEASE.jar:4.0.3.RELEASE]
	at org.springframework.security.web.FilterChainProxy$VirtualFilterChain.doFilter(FilterChainProxy.java:330) [spring-security-web-4.0.3.RELEASE.jar:4.0.3.RELEASE]
	at org.springframework.security.web.authentication.AbstractAuthenticationProcessingFilter.doFilter(AbstractAuthenticationProcessingFilter.java:205) [spring-security-web-4.0.3.RELEASE.jar:4.0.3.RELEASE]
	at org.springframework.security.web.FilterChainProxy$VirtualFilterChain.doFilter(FilterChainProxy.java:330) [spring-security-web-4.0.3.RELEASE.jar:4.0.3.RELEASE]
	at org.springframework.security.web.authentication.logout.LogoutFilter.doFilter(LogoutFilter.java:120) [spring-security-web-4.0.3.RELEASE.jar:4.0.3.RELEASE]
	at org.springframework.security.web.FilterChainProxy$VirtualFilterChain.doFilter(FilterChainProxy.java:330) [spring-security-web-4.0.3.RELEASE.jar:4.0.3.RELEASE]
	at com.apex.web.security.authetication.filter.CSRFFilter.doFilterInternal(CSRFFilter.java:97) [classes/:na]
	at org.springframework.web.filter.OncePerRequestFilter.doFilter(OncePerRequestFilter.java:107) [spring-web-4.2.4.RELEASE.jar:4.2.4.RELEASE]
	at org.springframework.security.web.FilterChainProxy$VirtualFilterChain.doFilter(FilterChainProxy.java:330) [spring-security-web-4.0.3.RELEASE.jar:4.0.3.RELEASE]
	at org.springframework.security.web.csrf.CsrfFilter.doFilterInternal(CsrfFilter.java:96) [spring-security-web-4.0.3.RELEASE.jar:4.0.3.RELEASE]
	at org.springframework.web.filter.OncePerRequestFilter.doFilter(OncePerRequestFilter.java:107) [spring-web-4.2.4.RELEASE.jar:4.2.4.RELEASE]
	at org.springframework.security.web.FilterChainProxy$VirtualFilterChain.doFilter(FilterChainProxy.java:330) [spring-security-web-4.0.3.RELEASE.jar:4.0.3.RELEASE]
	at org.springframework.security.web.header.HeaderWriterFilter.doFilterInternal(HeaderWriterFilter.java:64) [spring-security-web-4.0.3.RELEASE.jar:4.0.3.RELEASE]
	at org.springframework.web.filter.OncePerRequestFilter.doFilter(OncePerRequestFilter.java:107) [spring-web-4.2.4.RELEASE.jar:4.2.4.RELEASE]
	at org.springframework.security.web.FilterChainProxy$VirtualFilterChain.doFilter(FilterChainProxy.java:330) [spring-security-web-4.0.3.RELEASE.jar:4.0.3.RELEASE]
	at org.springframework.security.web.context.SecurityContextPersistenceFilter.doFilter(SecurityContextPersistenceFilter.java:91) [spring-security-web-4.0.3.RELEASE.jar:4.0.3.RELEASE]
	at org.springframework.security.web.FilterChainProxy$VirtualFilterChain.doFilter(FilterChainProxy.java:330) [spring-security-web-4.0.3.RELEASE.jar:4.0.3.RELEASE]
	at org.springframework.security.web.context.request.async.WebAsyncManagerIntegrationFilter.doFilterInternal(WebAsyncManagerIntegrationFilter.java:53) [spring-security-web-4.0.3.RELEASE.jar:4.0.3.RELEASE]
	at org.springframework.web.filter.OncePerRequestFilter.doFilter(OncePerRequestFilter.java:107) [spring-web-4.2.4.RELEASE.jar:4.2.4.RELEASE]
	at org.springframework.security.web.FilterChainProxy$VirtualFilterChain.doFilter(FilterChainProxy.java:330) [spring-security-web-4.0.3.RELEASE.jar:4.0.3.RELEASE]
	at org.springframework.security.web.FilterChainProxy.doFilterInternal(FilterChainProxy.java:213) [spring-security-web-4.0.3.RELEASE.jar:4.0.3.RELEASE]
	at org.springframework.security.web.FilterChainProxy.doFilter(FilterChainProxy.java:176) [spring-security-web-4.0.3.RELEASE.jar:4.0.3.RELEASE]
	at org.springframework.web.filter.DelegatingFilterProxy.invokeDelegate(DelegatingFilterProxy.java:346) [spring-web-4.2.4.RELEASE.jar:4.2.4.RELEASE]
	at org.springframework.web.filter.DelegatingFilterProxy.doFilter(DelegatingFilterProxy.java:262) [spring-web-4.2.4.RELEASE.jar:4.2.4.RELEASE]
	at org.apache.catalina.core.ApplicationFilterChain.internalDoFilter(ApplicationFilterChain.java:239) [tomcat-embed-core-8.0.30.jar:8.0.30]
	at org.apache.catalina.core.ApplicationFilterChain.doFilter(ApplicationFilterChain.java:206) [tomcat-embed-core-8.0.30.jar:8.0.30]
	at org.springframework.web.filter.RequestContextFilter.doFilterInternal(RequestContextFilter.java:99) [spring-web-4.2.4.RELEASE.jar:4.2.4.RELEASE]
	at org.springframework.web.filter.OncePerRequestFilter.doFilter(OncePerRequestFilter.java:107) [spring-web-4.2.4.RELEASE.jar:4.2.4.RELEASE]
	at org.apache.catalina.core.ApplicationFilterChain.internalDoFilter(ApplicationFilterChain.java:239) [tomcat-embed-core-8.0.30.jar:8.0.30]
	at org.apache.catalina.core.ApplicationFilterChain.doFilter(ApplicationFilterChain.java:206) [tomcat-embed-core-8.0.30.jar:8.0.30]
	at org.springframework.web.filter.HttpPutFormContentFilter.doFilterInternal(HttpPutFormContentFilter.java:87) [spring-web-4.2.4.RELEASE.jar:4.2.4.RELEASE]
	at org.springframework.web.filter.OncePerRequestFilter.doFilter(OncePerRequestFilter.java:107) [spring-web-4.2.4.RELEASE.jar:4.2.4.RELEASE]
	at org.apache.catalina.core.ApplicationFilterChain.internalDoFilter(ApplicationFilterChain.java:239) [tomcat-embed-core-8.0.30.jar:8.0.30]
	at org.apache.catalina.core.ApplicationFilterChain.doFilter(ApplicationFilterChain.java:206) [tomcat-embed-core-8.0.30.jar:8.0.30]
	at org.springframework.web.filter.HiddenHttpMethodFilter.doFilterInternal(HiddenHttpMethodFilter.java:77) [spring-web-4.2.4.RELEASE.jar:4.2.4.RELEASE]
	at org.springframework.web.filter.OncePerRequestFilter.doFilter(OncePerRequestFilter.java:107) [spring-web-4.2.4.RELEASE.jar:4.2.4.RELEASE]
	at org.apache.catalina.core.ApplicationFilterChain.internalDoFilter(ApplicationFilterChain.java:239) [tomcat-embed-core-8.0.30.jar:8.0.30]
	at org.apache.catalina.core.ApplicationFilterChain.doFilter(ApplicationFilterChain.java:206) [tomcat-embed-core-8.0.30.jar:8.0.30]
	at org.springframework.web.filter.CharacterEncodingFilter.doFilterInternal(CharacterEncodingFilter.java:121) [spring-web-4.2.4.RELEASE.jar:4.2.4.RELEASE]
	at org.springframework.web.filter.OncePerRequestFilter.doFilter(OncePerRequestFilter.java:107) [spring-web-4.2.4.RELEASE.jar:4.2.4.RELEASE]
	at org.apache.catalina.core.ApplicationFilterChain.internalDoFilter(ApplicationFilterChain.java:239) [tomcat-embed-core-8.0.30.jar:8.0.30]
	at org.apache.catalina.core.ApplicationFilterChain.doFilter(ApplicationFilterChain.java:206) [tomcat-embed-core-8.0.30.jar:8.0.30]
	at org.apache.catalina.core.StandardWrapperValve.invoke(StandardWrapperValve.java:212) [tomcat-embed-core-8.0.30.jar:8.0.30]
	at org.apache.catalina.core.StandardContextValve.invoke(StandardContextValve.java:106) [tomcat-embed-core-8.0.30.jar:8.0.30]
	at org.apache.catalina.authenticator.AuthenticatorBase.invoke(AuthenticatorBase.java:502) [tomcat-embed-core-8.0.30.jar:8.0.30]
	at org.apache.catalina.core.StandardHostValve.invoke(StandardHostValve.java:141) [tomcat-embed-core-8.0.30.jar:8.0.30]
	at org.apache.catalina.valves.ErrorReportValve.invoke(ErrorReportValve.java:79) [tomcat-embed-core-8.0.30.jar:8.0.30]
	at org.apache.catalina.core.StandardEngineValve.invoke(StandardEngineValve.java:88) [tomcat-embed-core-8.0.30.jar:8.0.30]
	at org.apache.catalina.connector.CoyoteAdapter.service(CoyoteAdapter.java:521) [tomcat-embed-core-8.0.30.jar:8.0.30]
	at org.apache.coyote.http11.AbstractHttp11Processor.process(AbstractHttp11Processor.java:1096) [tomcat-embed-core-8.0.30.jar:8.0.30]
	at org.apache.coyote.AbstractProtocol$AbstractConnectionHandler.process(AbstractProtocol.java:674) [tomcat-embed-core-8.0.30.jar:8.0.30]
	at org.apache.tomcat.util.net.NioEndpoint$SocketProcessor.doRun(NioEndpoint.java:1500) [tomcat-embed-core-8.0.30.jar:8.0.30]
	at org.apache.tomcat.util.net.NioEndpoint$SocketProcessor.run(NioEndpoint.java:1456) [tomcat-embed-core-8.0.30.jar:8.0.30]
	at java.util.concurrent.ThreadPoolExecutor.runWorker(ThreadPoolExecutor.java:1142) [na:1.8.0_60]
	at java.util.concurrent.ThreadPoolExecutor$Worker.run(ThreadPoolExecutor.java:617) [na:1.8.0_60]
	at org.apache.tomcat.util.threads.TaskThread$WrappingRunnable.run(TaskThread.java:61) [tomcat-embed-core-8.0.30.jar:8.0.30]
	at java.lang.Thread.run(Thread.java:745) [na:1.8.0_60]
55507 [http-nio-9000-exec-2] DEBUG o.s.s.w.u.matcher.AndRequestMatcher - Trying to match using Ant [pattern='/**', GET]
55507 [http-nio-9000-exec-2] DEBUG o.s.s.w.u.m.AntPathRequestMatcher - Request '/hello' matched by universal pattern '/**'
55508 [http-nio-9000-exec-2] DEBUG o.s.s.w.u.matcher.AndRequestMatcher - Trying to match using NegatedRequestMatcher [requestMatcher=Ant [pattern='/**/favicon.ico']]
55509 [http-nio-9000-exec-2] DEBUG o.s.s.w.u.m.AntPathRequestMatcher - Checking match of request : '/hello'; against '/**/favicon.ico'
55509 [http-nio-9000-exec-2] DEBUG o.s.s.w.u.m.NegatedRequestMatcher - matches = true
55510 [http-nio-9000-exec-2] DEBUG o.s.s.w.u.matcher.AndRequestMatcher - Trying to match using NegatedRequestMatcher [requestMatcher=MediaTypeRequestMatcher [contentNegotiationStrategy=org.springframework.web.accept.ContentNegotiationManager@2bcad97b, matchingMediaTypes=[application/json], useEquals=false, ignoredMediaTypes=[*/*]]]
55512 [http-nio-9000-exec-2] DEBUG o.s.s.w.u.m.MediaTypeRequestMatcher - httpRequestMediaTypes=[text/html, application/xhtml+xml, image/webp, application/xml;q=0.9, */*;q=0.8]
55513 [http-nio-9000-exec-2] DEBUG o.s.s.w.u.m.MediaTypeRequestMatcher - Processing text/html
55513 [http-nio-9000-exec-2] DEBUG o.s.s.w.u.m.MediaTypeRequestMatcher - application/json .isCompatibleWith text/html = false
55514 [http-nio-9000-exec-2] DEBUG o.s.s.w.u.m.MediaTypeRequestMatcher - Processing application/xhtml+xml
55514 [http-nio-9000-exec-2] DEBUG o.s.s.w.u.m.MediaTypeRequestMatcher - application/json .isCompatibleWith application/xhtml+xml = false
55515 [http-nio-9000-exec-2] DEBUG o.s.s.w.u.m.MediaTypeRequestMatcher - Processing image/webp
55515 [http-nio-9000-exec-2] DEBUG o.s.s.w.u.m.MediaTypeRequestMatcher - application/json .isCompatibleWith image/webp = false
55515 [http-nio-9000-exec-2] DEBUG o.s.s.w.u.m.MediaTypeRequestMatcher - Processing application/xml;q=0.9
55516 [http-nio-9000-exec-2] DEBUG o.s.s.w.u.m.MediaTypeRequestMatcher - application/json .isCompatibleWith application/xml;q=0.9 = false
55516 [http-nio-9000-exec-2] DEBUG o.s.s.w.u.m.MediaTypeRequestMatcher - Processing */*;q=0.8
55517 [http-nio-9000-exec-2] DEBUG o.s.s.w.u.m.MediaTypeRequestMatcher - Ignoring
55518 [http-nio-9000-exec-2] DEBUG o.s.s.w.u.m.MediaTypeRequestMatcher - Did not match any media types
55519 [http-nio-9000-exec-2] DEBUG o.s.s.w.u.m.NegatedRequestMatcher - matches = true
55520 [http-nio-9000-exec-2] DEBUG o.s.s.w.u.matcher.AndRequestMatcher - Trying to match using NegatedRequestMatcher [requestMatcher=RequestHeaderRequestMatcher [expectedHeaderName=X-Requested-With, expectedHeaderValue=XMLHttpRequest]]
55520 [http-nio-9000-exec-2] DEBUG o.s.s.w.u.m.NegatedRequestMatcher - matches = true
55521 [http-nio-9000-exec-2] DEBUG o.s.s.w.u.matcher.AndRequestMatcher - All requestMatchers returned true
55530 [http-nio-9000-exec-2] DEBUG o.s.s.w.s.HttpSessionRequestCache - DefaultSavedRequest added to Session: DefaultSavedRequest[http://localhost:9000/hello]
55531 [http-nio-9000-exec-2] DEBUG o.s.s.w.a.ExceptionTranslationFilter - Calling Authentication entry point.
55534 [http-nio-9000-exec-2] DEBUG o.s.s.web.DefaultRedirectStrategy - Redirecting to 'http://localhost:9000/login'
55535 [http-nio-9000-exec-2] DEBUG o.s.s.w.c.HttpSessionSecurityContextRepository - SecurityContext is empty or contents are anonymous - context will not be stored in HttpSession.
55536 [http-nio-9000-exec-2] DEBUG o.s.s.w.c.SecurityContextPersistenceFilter - SecurityContextHolder now cleared, as request processing completed
55546 [http-nio-9000-exec-3] DEBUG o.s.s.w.u.m.AntPathRequestMatcher - Checking match of request : '/login'; against '/**/favicon.ico'
55547 [http-nio-9000-exec-3] DEBUG o.s.s.w.u.m.AntPathRequestMatcher - Checking match of request : '/login'; against '/js/**'
55548 [http-nio-9000-exec-3] DEBUG o.s.s.w.u.m.AntPathRequestMatcher - Checking match of request : '/login'; against '/css/**'
55548 [http-nio-9000-exec-3] DEBUG o.s.s.w.u.m.AntPathRequestMatcher - Checking match of request : '/login'; against '/error'
55548 [http-nio-9000-exec-3] DEBUG o.s.security.web.FilterChainProxy - /login at position 1 of 13 in additional filter chain; firing Filter: 'WebAsyncManagerIntegrationFilter'
55549 [http-nio-9000-exec-3] DEBUG o.s.security.web.FilterChainProxy - /login at position 2 of 13 in additional filter chain; firing Filter: 'SecurityContextPersistenceFilter'
55549 [http-nio-9000-exec-3] DEBUG o.s.s.w.c.HttpSessionSecurityContextRepository - HttpSession returned null object for SPRING_SECURITY_CONTEXT
55549 [http-nio-9000-exec-3] DEBUG o.s.s.w.c.HttpSessionSecurityContextRepository - No SecurityContext was available from the HttpSession: org.apache.catalina.session.StandardSessionFacade@119736b5. A new one will be created.
55550 [http-nio-9000-exec-3] DEBUG o.s.security.web.FilterChainProxy - /login at position 3 of 13 in additional filter chain; firing Filter: 'HeaderWriterFilter'
55551 [http-nio-9000-exec-3] DEBUG o.s.s.w.h.writers.HstsHeaderWriter - Not injecting HSTS header since it did not match the requestMatcher org.springframework.security.web.header.writers.HstsHeaderWriter$SecureRequestMatcher@7aeb3dd7
55552 [http-nio-9000-exec-3] DEBUG o.s.security.web.FilterChainProxy - /login at position 4 of 13 in additional filter chain; firing Filter: 'CsrfFilter'
55552 [http-nio-9000-exec-3] DEBUG o.s.security.web.FilterChainProxy - /login at position 5 of 13 in additional filter chain; firing Filter: 'CSRFFilter'
55552 [http-nio-9000-exec-3] DEBUG o.s.security.web.FilterChainProxy - /login at position 6 of 13 in additional filter chain; firing Filter: 'LogoutFilter'
55553 [http-nio-9000-exec-3] DEBUG o.s.s.w.u.m.AntPathRequestMatcher - Checking match of request : '/login'; against '/logout'
55553 [http-nio-9000-exec-3] DEBUG o.s.security.web.FilterChainProxy - /login at position 7 of 13 in additional filter chain; firing Filter: 'UsernamePasswordAuthenticationFilter'
55553 [http-nio-9000-exec-3] DEBUG o.s.s.w.u.m.AntPathRequestMatcher - Request 'GET /login' doesn't match 'POST /login
55554 [http-nio-9000-exec-3] DEBUG o.s.security.web.FilterChainProxy - /login at position 8 of 13 in additional filter chain; firing Filter: 'RequestCacheAwareFilter'
55554 [http-nio-9000-exec-3] DEBUG o.s.s.w.s.DefaultSavedRequest - pathInfo: both null (property equals)
55555 [http-nio-9000-exec-3] DEBUG o.s.s.w.s.DefaultSavedRequest - queryString: both null (property equals)
55555 [http-nio-9000-exec-3] DEBUG o.s.s.w.s.DefaultSavedRequest - requestURI: arg1=/hello; arg2=/login (property not equals)
55556 [http-nio-9000-exec-3] DEBUG o.s.s.w.s.HttpSessionRequestCache - saved request doesn't match
55556 [http-nio-9000-exec-3] DEBUG o.s.security.web.FilterChainProxy - /login at position 9 of 13 in additional filter chain; firing Filter: 'SecurityContextHolderAwareRequestFilter'
55556 [http-nio-9000-exec-3] DEBUG o.s.security.web.FilterChainProxy - /login at position 10 of 13 in additional filter chain; firing Filter: 'AnonymousAuthenticationFilter'
55557 [http-nio-9000-exec-3] DEBUG o.s.s.w.a.AnonymousAuthenticationFilter - Populated SecurityContextHolder with anonymous token: 'org.springframework.security.authentication.AnonymousAuthenticationToken@905571d8: Principal: anonymousUser; Credentials: [PROTECTED]; Authenticated: true; Details: org.springframework.security.web.authentication.WebAuthenticationDetails@0: RemoteIpAddress: 0:0:0:0:0:0:0:1; SessionId: 6EB4D2A32C4C0EEDD399CE01EBFD6A0D; Granted Authorities: ROLE_ANONYMOUS'
55557 [http-nio-9000-exec-3] DEBUG o.s.security.web.FilterChainProxy - /login at position 11 of 13 in additional filter chain; firing Filter: 'SessionManagementFilter'
55558 [http-nio-9000-exec-3] DEBUG o.s.security.web.FilterChainProxy - /login at position 12 of 13 in additional filter chain; firing Filter: 'ExceptionTranslationFilter'
55558 [http-nio-9000-exec-3] DEBUG o.s.security.web.FilterChainProxy - /login at position 13 of 13 in additional filter chain; firing Filter: 'FilterSecurityInterceptor'
55559 [http-nio-9000-exec-3] DEBUG o.s.s.w.a.i.FilterSecurityInterceptor - Secure object: FilterInvocation: URL: /login; Attributes: [permitAll]
55559 [http-nio-9000-exec-3] DEBUG o.s.s.w.a.i.FilterSecurityInterceptor - Previously Authenticated: org.springframework.security.authentication.AnonymousAuthenticationToken@905571d8: Principal: anonymousUser; Credentials: [PROTECTED]; Authenticated: true; Details: org.springframework.security.web.authentication.WebAuthenticationDetails@0: RemoteIpAddress: 0:0:0:0:0:0:0:1; SessionId: 6EB4D2A32C4C0EEDD399CE01EBFD6A0D; Granted Authorities: ROLE_ANONYMOUS
55562 [http-nio-9000-exec-3] DEBUG o.s.s.access.vote.AffirmativeBased - Voter: org.springframework.security.web.access.expression.WebExpressionVoter@7cb5dca3, returned: 1
55562 [http-nio-9000-exec-3] DEBUG o.s.s.w.a.i.FilterSecurityInterceptor - Authorization successful
55562 [http-nio-9000-exec-3] DEBUG o.s.s.w.a.i.FilterSecurityInterceptor - RunAsManager did not change Authentication object
55563 [http-nio-9000-exec-3] DEBUG o.s.security.web.FilterChainProxy - /login reached end of additional filter chain; proceeding with original chain
55650 [http-nio-9000-exec-3] DEBUG o.s.s.w.a.ExceptionTranslationFilter - Chain processed normally
55651 [http-nio-9000-exec-3] DEBUG o.s.s.w.c.HttpSessionSecurityContextRepository - SecurityContext is empty or contents are anonymous - context will not be stored in HttpSession.
55651 [http-nio-9000-exec-3] DEBUG o.s.s.w.c.SecurityContextPersistenceFilter - SecurityContextHolder now cleared, as request processing completed
61305 [http-nio-9000-exec-5] DEBUG o.s.s.w.u.m.AntPathRequestMatcher - Checking match of request : '/login'; against '/**/favicon.ico'
61306 [http-nio-9000-exec-5] DEBUG o.s.s.w.u.m.AntPathRequestMatcher - Checking match of request : '/login'; against '/js/**'
61306 [http-nio-9000-exec-5] DEBUG o.s.s.w.u.m.AntPathRequestMatcher - Checking match of request : '/login'; against '/css/**'
61306 [http-nio-9000-exec-5] DEBUG o.s.s.w.u.m.AntPathRequestMatcher - Checking match of request : '/login'; against '/error'
61307 [http-nio-9000-exec-5] DEBUG o.s.security.web.FilterChainProxy - /login at position 1 of 13 in additional filter chain; firing Filter: 'WebAsyncManagerIntegrationFilter'
61307 [http-nio-9000-exec-5] DEBUG o.s.security.web.FilterChainProxy - /login at position 2 of 13 in additional filter chain; firing Filter: 'SecurityContextPersistenceFilter'
61308 [http-nio-9000-exec-5] DEBUG o.s.s.w.c.HttpSessionSecurityContextRepository - HttpSession returned null object for SPRING_SECURITY_CONTEXT
61308 [http-nio-9000-exec-5] DEBUG o.s.s.w.c.HttpSessionSecurityContextRepository - No SecurityContext was available from the HttpSession: org.apache.catalina.session.StandardSessionFacade@119736b5. A new one will be created.
61309 [http-nio-9000-exec-5] DEBUG o.s.security.web.FilterChainProxy - /login at position 3 of 13 in additional filter chain; firing Filter: 'HeaderWriterFilter'
61309 [http-nio-9000-exec-5] DEBUG o.s.s.w.h.writers.HstsHeaderWriter - Not injecting HSTS header since it did not match the requestMatcher org.springframework.security.web.header.writers.HstsHeaderWriter$SecureRequestMatcher@7aeb3dd7
61310 [http-nio-9000-exec-5] DEBUG o.s.security.web.FilterChainProxy - /login at position 4 of 13 in additional filter chain; firing Filter: 'CsrfFilter'
61311 [http-nio-9000-exec-5] DEBUG o.s.security.web.FilterChainProxy - /login at position 5 of 13 in additional filter chain; firing Filter: 'CSRFFilter'
61311 [http-nio-9000-exec-5] DEBUG o.s.security.web.FilterChainProxy - /login at position 6 of 13 in additional filter chain; firing Filter: 'LogoutFilter'
61312 [http-nio-9000-exec-5] DEBUG o.s.s.w.u.m.AntPathRequestMatcher - Checking match of request : '/login'; against '/logout'
61312 [http-nio-9000-exec-5] DEBUG o.s.security.web.FilterChainProxy - /login at position 7 of 13 in additional filter chain; firing Filter: 'UsernamePasswordAuthenticationFilter'
61312 [http-nio-9000-exec-5] DEBUG o.s.s.w.u.m.AntPathRequestMatcher - Checking match of request : '/login'; against '/login'
61313 [http-nio-9000-exec-5] DEBUG o.s.s.w.a.UsernamePasswordAuthenticationFilter - Request is to process authentication
61314 [http-nio-9000-exec-5] DEBUG o.s.s.a.ProviderManager - Authentication attempt using com.apex.web.security.authetication.JPAAuthenticationProvider
62117 [http-nio-9000-exec-5] DEBUG o.s.s.w.a.s.CompositeSessionAuthenticationStrategy - Delegating to org.springframework.security.web.authentication.session.ChangeSessionIdAuthenticationStrategy@3057a8f1
62121 [http-nio-9000-exec-5] DEBUG o.s.s.w.a.s.CompositeSessionAuthenticationStrategy - Delegating to org.springframework.security.web.csrf.CsrfAuthenticationStrategy@39fa1ee2
62122 [http-nio-9000-exec-5] DEBUG o.s.s.w.a.UsernamePasswordAuthenticationFilter - Authentication success. Updating SecurityContextHolder to contain: org.springframework.security.authentication.UsernamePasswordAuthenticationToken@2a9e30ab: Principal: cmata; Credentials: [PROTECTED]; Authenticated: true; Details: org.springframework.security.web.authentication.WebAuthenticationDetails@0: RemoteIpAddress: 0:0:0:0:0:0:0:1; SessionId: 6EB4D2A32C4C0EEDD399CE01EBFD6A0D; Granted Authorities: Role(name=Administrator, description=Superpowerful user in the system , permissions=[WRITE, READ, DELETE, EDIT], account=[])
62124 [http-nio-9000-exec-5] DEBUG o.s.s.web.DefaultRedirectStrategy - Redirecting to 'http://localhost:9000/hello'
62125 [http-nio-9000-exec-5] DEBUG o.s.s.w.c.HttpSessionSecurityContextRepository - SecurityContext 'org.springframework.security.core.context.SecurityContextImpl@2a9e30ab: Authentication: org.springframework.security.authentication.UsernamePasswordAuthenticationToken@2a9e30ab: Principal: cmata; Credentials: [PROTECTED]; Authenticated: true; Details: org.springframework.security.web.authentication.WebAuthenticationDetails@0: RemoteIpAddress: 0:0:0:0:0:0:0:1; SessionId: 6EB4D2A32C4C0EEDD399CE01EBFD6A0D; Granted Authorities: Role(name=Administrator, description=Superpowerful user in the system , permissions=[WRITE, READ, DELETE, EDIT], account=[])' stored to HttpSession: 'org.apache.catalina.session.StandardSessionFacade@119736b5
62830 [http-nio-9000-exec-5] DEBUG o.s.s.w.c.SecurityContextPersistenceFilter - SecurityContextHolder now cleared, as request processing completed
62836 [http-nio-9000-exec-6] DEBUG o.s.s.w.u.m.AntPathRequestMatcher - Checking match of request : '/hello'; against '/**/favicon.ico'
62837 [http-nio-9000-exec-6] DEBUG o.s.s.w.u.m.AntPathRequestMatcher - Checking match of request : '/hello'; against '/js/**'
62837 [http-nio-9000-exec-6] DEBUG o.s.s.w.u.m.AntPathRequestMatcher - Checking match of request : '/hello'; against '/css/**'
62838 [http-nio-9000-exec-6] DEBUG o.s.s.w.u.m.AntPathRequestMatcher - Checking match of request : '/hello'; against '/error'
62838 [http-nio-9000-exec-6] DEBUG o.s.security.web.FilterChainProxy - /hello at position 1 of 13 in additional filter chain; firing Filter: 'WebAsyncManagerIntegrationFilter'
62839 [http-nio-9000-exec-6] DEBUG o.s.security.web.FilterChainProxy - /hello at position 2 of 13 in additional filter chain; firing Filter: 'SecurityContextPersistenceFilter'
62839 [http-nio-9000-exec-6] DEBUG o.s.s.w.c.HttpSessionSecurityContextRepository - Obtained a valid SecurityContext from SPRING_SECURITY_CONTEXT: 'org.springframework.security.core.context.SecurityContextImpl@2a9e30ab: Authentication: org.springframework.security.authentication.UsernamePasswordAuthenticationToken@2a9e30ab: Principal: cmata; Credentials: [PROTECTED]; Authenticated: true; Details: org.springframework.security.web.authentication.WebAuthenticationDetails@0: RemoteIpAddress: 0:0:0:0:0:0:0:1; SessionId: 6EB4D2A32C4C0EEDD399CE01EBFD6A0D; Granted Authorities: Role(name=Administrator, description=Superpowerful user in the system , permissions=[WRITE, READ, DELETE, EDIT], account=[])'
62839 [http-nio-9000-exec-6] DEBUG o.s.security.web.FilterChainProxy - /hello at position 3 of 13 in additional filter chain; firing Filter: 'HeaderWriterFilter'
62840 [http-nio-9000-exec-6] DEBUG o.s.s.w.h.writers.HstsHeaderWriter - Not injecting HSTS header since it did not match the requestMatcher org.springframework.security.web.header.writers.HstsHeaderWriter$SecureRequestMatcher@7aeb3dd7
62841 [http-nio-9000-exec-6] DEBUG o.s.security.web.FilterChainProxy - /hello at position 4 of 13 in additional filter chain; firing Filter: 'CsrfFilter'
62841 [http-nio-9000-exec-6] DEBUG o.s.security.web.FilterChainProxy - /hello at position 5 of 13 in additional filter chain; firing Filter: 'CSRFFilter'
63036 [http-nio-9000-exec-6] DEBUG o.s.security.web.FilterChainProxy - /hello at position 6 of 13 in additional filter chain; firing Filter: 'LogoutFilter'
63037 [http-nio-9000-exec-6] DEBUG o.s.s.w.u.m.AntPathRequestMatcher - Checking match of request : '/hello'; against '/logout'
63037 [http-nio-9000-exec-6] DEBUG o.s.security.web.FilterChainProxy - /hello at position 7 of 13 in additional filter chain; firing Filter: 'UsernamePasswordAuthenticationFilter'
63037 [http-nio-9000-exec-6] DEBUG o.s.s.w.u.m.AntPathRequestMatcher - Request 'GET /hello' doesn't match 'POST /login
63038 [http-nio-9000-exec-6] DEBUG o.s.security.web.FilterChainProxy - /hello at position 8 of 13 in additional filter chain; firing Filter: 'RequestCacheAwareFilter'
63038 [http-nio-9000-exec-6] DEBUG o.s.s.w.s.DefaultSavedRequest - pathInfo: both null (property equals)
63038 [http-nio-9000-exec-6] DEBUG o.s.s.w.s.DefaultSavedRequest - queryString: both null (property equals)
63039 [http-nio-9000-exec-6] DEBUG o.s.s.w.s.DefaultSavedRequest - requestURI: arg1=/hello; arg2=/hello (property equals)
63039 [http-nio-9000-exec-6] DEBUG o.s.s.w.s.DefaultSavedRequest - serverPort: arg1=9000; arg2=9000 (property equals)
63040 [http-nio-9000-exec-6] DEBUG o.s.s.w.s.DefaultSavedRequest - requestURL: arg1=http://localhost:9000/hello; arg2=http://localhost:9000/hello (property equals)
63040 [http-nio-9000-exec-6] DEBUG o.s.s.w.s.DefaultSavedRequest - scheme: arg1=http; arg2=http (property equals)
63041 [http-nio-9000-exec-6] DEBUG o.s.s.w.s.DefaultSavedRequest - serverName: arg1=localhost; arg2=localhost (property equals)
63041 [http-nio-9000-exec-6] DEBUG o.s.s.w.s.DefaultSavedRequest - contextPath: arg1=; arg2= (property equals)
63042 [http-nio-9000-exec-6] DEBUG o.s.s.w.s.DefaultSavedRequest - servletPath: arg1=/hello; arg2=/hello (property equals)
63042 [http-nio-9000-exec-6] DEBUG o.s.s.w.s.HttpSessionRequestCache - Removing DefaultSavedRequest from session if present
63045 [http-nio-9000-exec-6] DEBUG o.s.security.web.FilterChainProxy - /hello at position 9 of 13 in additional filter chain; firing Filter: 'SecurityContextHolderAwareRequestFilter'
63048 [http-nio-9000-exec-6] DEBUG o.s.security.web.FilterChainProxy - /hello at position 10 of 13 in additional filter chain; firing Filter: 'AnonymousAuthenticationFilter'
63048 [http-nio-9000-exec-6] DEBUG o.s.s.w.a.AnonymousAuthenticationFilter - SecurityContextHolder not populated with anonymous token, as it already contained: 'org.springframework.security.authentication.UsernamePasswordAuthenticationToken@2a9e30ab: Principal: cmata; Credentials: [PROTECTED]; Authenticated: true; Details: org.springframework.security.web.authentication.WebAuthenticationDetails@0: RemoteIpAddress: 0:0:0:0:0:0:0:1; SessionId: 6EB4D2A32C4C0EEDD399CE01EBFD6A0D; Granted Authorities: Role(name=Administrator, description=Superpowerful user in the system , permissions=[WRITE, READ, DELETE, EDIT], account=[])'
63049 [http-nio-9000-exec-6] DEBUG o.s.security.web.FilterChainProxy - /hello at position 11 of 13 in additional filter chain; firing Filter: 'SessionManagementFilter'
63049 [http-nio-9000-exec-6] DEBUG o.s.security.web.FilterChainProxy - /hello at position 12 of 13 in additional filter chain; firing Filter: 'ExceptionTranslationFilter'
63050 [http-nio-9000-exec-6] DEBUG o.s.security.web.FilterChainProxy - /hello at position 13 of 13 in additional filter chain; firing Filter: 'FilterSecurityInterceptor'
63052 [http-nio-9000-exec-6] DEBUG o.s.s.w.u.m.AntPathRequestMatcher - Checking match of request : '/hello'; against '/logout'
63052 [http-nio-9000-exec-6] DEBUG o.s.s.w.u.m.AntPathRequestMatcher - Checking match of request : '/hello'; against '/'
63053 [http-nio-9000-exec-6] DEBUG o.s.s.w.u.m.AntPathRequestMatcher - Checking match of request : '/hello'; against '/home'
63053 [http-nio-9000-exec-6] DEBUG o.s.s.w.a.i.FilterSecurityInterceptor - Secure object: FilterInvocation: URL: /hello; Attributes: [authenticated]
63054 [http-nio-9000-exec-6] DEBUG o.s.s.w.a.i.FilterSecurityInterceptor - Previously Authenticated: org.springframework.security.authentication.UsernamePasswordAuthenticationToken@2a9e30ab: Principal: cmata; Credentials: [PROTECTED]; Authenticated: true; Details: org.springframework.security.web.authentication.WebAuthenticationDetails@0: RemoteIpAddress: 0:0:0:0:0:0:0:1; SessionId: 6EB4D2A32C4C0EEDD399CE01EBFD6A0D; Granted Authorities: Role(name=Administrator, description=Superpowerful user in the system , permissions=[WRITE, READ, DELETE, EDIT], account=[])
63054 [http-nio-9000-exec-6] DEBUG o.s.s.access.vote.AffirmativeBased - Voter: org.springframework.security.web.access.expression.WebExpressionVoter@7cb5dca3, returned: 1
63055 [http-nio-9000-exec-6] DEBUG o.s.s.w.a.i.FilterSecurityInterceptor - Authorization successful
63055 [http-nio-9000-exec-6] DEBUG o.s.s.w.a.i.FilterSecurityInterceptor - RunAsManager did not change Authentication object
63056 [http-nio-9000-exec-6] DEBUG o.s.security.web.FilterChainProxy - /hello reached end of additional filter chain; proceeding with original chain
63077 [http-nio-9000-exec-6] DEBUG o.s.s.w.a.ExceptionTranslationFilter - Chain processed normally
63077 [http-nio-9000-exec-6] DEBUG o.s.s.w.c.SecurityContextPersistenceFilter - SecurityContextHolder now cleared, as request processing completed
